hhaha进入房间 10/18/2019, 2:50:40 PM
hhaha离开房间 10/18/2019, 2:50:57 PM
彤彤的好朋友进入房间 10/18/2019, 3:24:48 PM
我是彤彤进入房间 10/18/2019, 3:25:07 PM
青儿进入房间 10/18/2019, 3:28:23 PM
彤彤的好友进入房间 10/18/2019, 3:28:35 PM
青儿离开房间 10/18/2019, 3:30:32 PM
彤彤的好友离开房间 10/18/2019, 3:30:44 PM
hhaah进入房间 10/18/2019, 3:36:01 PM
hhaah离开房间 10/18/2019, 3:36:07 PM
111进入房间 10/18/2019, 3:40:39 PM
443进入房间 10/18/2019, 3:41:16 PM
443离开房间 10/18/2019, 3:42:04 PM
666进入房间 10/18/2019, 3:42:09 PM
111离开房间 10/18/2019, 3:42:10 PM
666离开房间 10/18/2019, 3:42:20 PM
123进入房间 10/18/2019, 4:13:50 PM
123离开房间 10/18/2019, 4:31:39 PM
哈哈进入房间 10/18/2019, 5:11:44 PM
哈哈离开房间 10/18/2019, 5:12:28 PM
zihao进入房间 10/19/2019, 10:07:42 AM
zihao离开房间 10/19/2019, 10:09:23 AM
zihao进入房间 10/19/2019, 11:26:40 AM
z2进入房间 10/19/2019, 11:27:04 AM
z2离开房间 10/19/2019, 11:28:02 AM
zihao离开房间 10/19/2019, 11:28:06 AM
z22进入房间 10/19/2019, 11:28:09 AM
z33进入房间 10/19/2019, 11:28:12 AM
z33离开房间 10/19/2019, 11:30:42 AM
z22离开房间 10/19/2019, 11:31:12 AM
t1进入房间 10/19/2019, 11:33:36 AM
t2进入房间 10/19/2019, 11:33:40 AM
t1离开房间 10/19/2019, 11:34:44 AM
t2离开房间 10/19/2019, 11:35:14 AM
z4进入房间 10/19/2019, 11:36:52 AM
z5进入房间 10/19/2019, 11:37:06 AM
z4离开房间 10/19/2019, 11:38:10 AM
z5离开房间 10/19/2019, 11:38:24 AM
z333进入房间 10/19/2019, 11:43:37 AM
z333离开房间 10/19/2019, 11:47:57 AM
z4进入房间 10/19/2019, 9:52:31 PM
z5进入房间 10/19/2019, 9:53:10 PM
z4离开房间 10/19/2019, 10:18:10 PM
z5离开房间 10/19/2019, 10:18:28 PM
zihao进入房间 10/19/2019, 10:46:38 PM
zihao2进入房间 10/19/2019, 10:46:42 PM
zihao2离开房间 10/19/2019, 10:47:54 PM
zihao离开房间 10/19/2019, 10:47:58 PM
zi进入房间 10/19/2019, 10:48:01 PM
hao进入房间 10/19/2019, 10:48:04 PM
zihao进入房间 10/19/2019, 10:49:16 PM
zihao2进入房间 10/19/2019, 10:49:20 PM
zihao2离开房间 10/19/2019, 10:50:13 PM
zihao离开房间 10/19/2019, 10:50:16 PM
彤彤的爸爸进入房间 10/19/2019, 10:50:41 PM
子豪的妈妈进入房间 10/19/2019, 10:50:48 PM
子豪的妈妈离开房间 10/19/2019, 10:53:32 PM
彤彤的爸爸离开房间 10/19/2019, 11:00:55 PM
zr进入房间 10/19/2019, 11:11:42 PM
zh进入房间 10/19/2019, 11:11:51 PM
zr离开房间 10/19/2019, 11:12:41 PM
zh离开房间 10/19/2019, 11:12:45 PM
zs进入房间 10/19/2019, 11:13:07 PM
zj进入房间 10/19/2019, 11:13:19 PM
zs离开房间 10/19/2019, 11:14:00 PM
zj离开房间 10/19/2019, 11:14:04 PM
u进入房间 10/19/2019, 11:14:08 PM
i进入房间 10/19/2019, 11:14:11 PM
i离开房间 10/19/2019, 11:15:16 PM
u离开房间 10/19/2019, 11:15:20 PM
ttdbb进入房间 10/19/2019, 11:15:28 PM
ttdbm进入房间 10/19/2019, 11:15:33 PM
ttdbb离开房间 10/19/2019, 11:15:56 PM
ttdbm离开房间 10/19/2019, 11:16:05 PM
zss进入房间 10/19/2019, 11:16:08 PM
zsss进入房间 10/19/2019, 11:16:11 PM
zss离开房间 10/19/2019, 11:17:16 PM
zsss离开房间 10/19/2019, 11:17:21 PM
hhhh进入房间 10/19/2019, 11:17:24 PM
xxxx进入房间 10/19/2019, 11:17:34 PM
xxxx离开房间 10/19/2019, 11:18:29 PM
hhhh离开房间 10/19/2019, 11:18:50 PM
jjj进入房间 10/19/2019, 11:18:52 PM
jjhh进入房间 10/19/2019, 11:18:57 PM
jjj离开房间 10/19/2019, 11:21:50 PM
jjhh离开房间 10/19/2019, 11:21:51 PM
12进入房间 10/19/2019, 11:21:55 PM
32进入房间 10/19/2019, 11:21:57 PM
12离开房间 10/19/2019, 11:23:19 PM
32离开房间 10/19/2019, 11:23:23 PM
hh1进入房间 10/19/2019, 11:23:26 PM
hh2进入房间 10/19/2019, 11:23:29 PM
hh2离开房间 10/19/2019, 11:23:34 PM
hhh3进入房间 10/19/2019, 11:23:40 PM
hhh3离开房间 10/19/2019, 11:26:46 PM
hh1离开房间 10/19/2019, 11:26:51 PM
999、进入房间 10/19/2019, 11:29:02 PM
999、离开房间 10/19/2019, 11:30:37 PM
hhhh进入房间 10/19/2019, 11:31:19 PM
xxxx进入房间 10/19/2019, 11:31:22 PM
xxxx离开房间 10/19/2019, 11:32:10 PM
hhhh离开房间 10/19/2019, 11:32:16 PM
zzz进入房间 10/19/2019, 11:32:18 PM
hhh进入房间 10/19/2019, 11:32:22 PM
hhh离开房间 10/19/2019, 11:35:16 PM
zzz离开房间 10/19/2019, 11:35:20 PM
zzs进入房间 10/19/2019, 11:35:23 PM
hhu进入房间 10/19/2019, 11:35:27 PM
zzs离开房间 10/19/2019, 11:36:27 PM
hhu离开房间 10/19/2019, 11:36:31 PM
zi进入房间 10/19/2019, 11:36:35 PM
ff进入房间 10/19/2019, 11:36:37 PM
zi离开房间 10/19/2019, 11:37:19 PM
ff离开房间 10/19/2019, 11:37:22 PM
ff进入房间 10/19/2019, 11:37:24 PM
yy进入房间 10/19/2019, 11:37:26 PM
yy离开房间 10/19/2019, 11:38:42 PM
ff离开房间 10/19/2019, 11:39:46 PM
hha进入房间 10/19/2019, 11:39:51 PM
xixxi进入房间 10/19/2019, 11:39:55 PM
zi1进入房间 10/19/2019, 11:45:50 PM
z进入房间 10/19/2019, 11:45:53 PM
z离开房间 10/19/2019, 11:46:29 PM
zi1离开房间 10/19/2019, 11:46:32 PM
hh进入房间 10/19/2019, 11:46:40 PM
xx进入房间 10/19/2019, 11:46:43 PM
xx离开房间 10/19/2019, 11:47:10 PM
hh离开房间 10/19/2019, 11:47:16 PM
hhh进入房间 10/19/2019, 11:47:21 PM
test进入房间 10/19/2019, 11:47:23 PM
test离开房间 10/19/2019, 11:48:07 PM
wtf进入房间 10/19/2019, 11:48:17 PM
t进入房间 10/19/2019, 11:51:01 PM
f进入房间 10/19/2019, 11:51:04 PM
t离开房间 10/19/2019, 11:52:35 PM
tf进入房间 10/19/2019, 11:52:56 PM
weiga进入房间 10/19/2019, 11:54:33 PM
tf离开房间 10/19/2019, 11:54:36 PM
f离开房间 10/19/2019, 11:54:39 PM
hh进入房间 10/19/2019, 11:54:41 PM
ff进入房间 10/19/2019, 11:54:44 PM
ff离开房间 10/19/2019, 11:56:50 PM
weiga离开房间 10/19/2019, 11:57:18 PM
hh离开房间 10/19/2019, 11:57:25 PM
fff进入房间 10/19/2019, 11:57:27 PM
fft进入房间 10/19/2019, 11:57:33 PM
ggy进入房间 10/19/2019, 11:57:35 PM
ggy离开房间 10/19/2019, 11:59:18 PM
fft离开房间 10/19/2019, 11:59:19 PM
fff离开房间 10/19/2019, 11:59:21 PM
zzs进入房间 10/19/2019, 11:59:24 PM
ff进入房间 10/19/2019, 11:59:26 PM
zzs离开房间 10/20/2019, 12:00:17 AM
ff离开房间 10/20/2019, 12:00:38 AM
zihao进入房间 10/20/2019, 12:15:33 AM
zis进入房间 10/20/2019, 12:15:39 AM
zis离开房间 10/20/2019, 12:16:23 AM
zihao离开房间 10/20/2019, 12:16:29 AM
hha\进入房间 10/20/2019, 12:16:32 AM
sss进入房间 10/20/2019, 12:16:36 AM
hha\离开房间 10/20/2019, 12:18:06 AM
sss离开房间 10/20/2019, 12:18:12 AM
tt进入房间 10/20/2019, 12:18:14 AM
ff进入房间 10/20/2019, 12:18:17 AM
tt离开房间 10/20/2019, 12:18:45 AM
ff离开房间 10/20/2019, 12:18:48 AM
haha进入房间 10/20/2019, 12:18:50 AM
t进入房间 10/20/2019, 12:18:54 AM
t离开房间 10/20/2019, 12:20:18 AM
haha离开房间 10/20/2019, 12:20:23 AM
tt进入房间 10/20/2019, 12:20:24 AM
ff进入房间 10/20/2019, 12:20:27 AM
ff离开房间 10/20/2019, 12:20:40 AM
tt离开房间 10/20/2019, 12:20:44 AM
ttt进入房间 10/20/2019, 12:20:47 AM
fff进入房间 10/20/2019, 12:20:50 AM
ttt离开房间 10/20/2019, 12:21:14 AM
fff离开房间 10/20/2019, 12:21:14 AM
tf进入房间 10/20/2019, 12:21:21 AM
tw进入房间 10/20/2019, 12:21:23 AM
tw离开房间 10/20/2019, 12:22:38 AM
tf离开房间 10/20/2019, 12:23:05 AM
hh进入房间 10/20/2019, 12:26:06 AM
hh离开房间 10/20/2019, 12:33:28 AM
zihao进入房间 10/20/2019, 1:12:35 AM
ha进入房间 10/20/2019, 1:12:40 AM
zhangsan进入房间 10/20/2019, 1:13:04 AM
zihao进入房间 10/20/2019, 1:16:28 AM
z2进入房间 10/20/2019, 1:16:31 AM
hah进入房间 10/20/2019, 1:17:05 AM
xixi进入房间 10/20/2019, 1:17:16 AM
zihao离开房间 10/20/2019, 1:18:12 AM
xixi离开房间 10/20/2019, 1:19:53 AM
hah离开房间 10/20/2019, 1:21:37 AM
z2离开房间 10/20/2019, 1:23:24 AM
hha进入房间 10/20/2019, 1:24:18 AM
xxx进入房间 10/20/2019, 1:24:20 AM
tt进入房间 10/20/2019, 1:24:39 AM
ff进入房间 10/20/2019, 1:24:58 AM
tt离开房间 10/20/2019, 1:26:48 AM
ff离开房间 10/20/2019, 1:27:08 AM
z2进入房间 10/20/2019, 1:36:12 AM
z3进入房间 10/20/2019, 1:36:15 AM
haha进入房间 10/20/2019, 1:36:40 AM
xih进入房间 10/20/2019, 1:36:54 AM
et进入房间 10/20/2019, 1:38:35 AM
et离开房间 10/20/2019, 1:38:43 AM
t1进入房间 10/20/2019, 1:38:59 AM
t2进入房间 10/20/2019, 1:39:03 AM
hah进入房间 10/20/2019, 1:39:14 AM
t1离开房间 10/20/2019, 1:40:41 AM
t2离开房间 10/20/2019, 1:40:47 AM
hah离开房间 10/20/2019, 1:42:03 AM
Jjj进入房间 10/20/2019, 1:42:36 AM
jjj进入房间 10/20/2019, 1:42:52 AM
Jjj离开房间 10/20/2019, 1:46:22 AM
Jjj进入房间 10/20/2019, 1:46:28 AM
Jjj离开房间 10/20/2019, 1:49:16 AM
jjj离开房间 10/20/2019, 1:49:26 AM
彤彤的爸爸进入房间 10/20/2019, 1:49:51 AM
子豪哥哥的小老婆进入房间 10/20/2019, 1:50:01 AM
子豪哥哥的小老婆离开房间 10/20/2019, 1:57:18 AM
wqeq进入房间 10/20/2019, 1:57:21 AM
彤彤的爸爸离开房间 10/20/2019, 1:57:24 AM
哈哈哈进入房间 10/20/2019, 1:57:30 AM
哈哈哈离开房间 10/20/2019, 1:57:59 AM
wqeq离开房间 10/20/2019, 1:58:07 AM
坎坎坷坷进入房间 10/20/2019, 1:58:10 AM
2进入房间 10/20/2019, 1:58:18 AM
坎坎坷坷离开房间 10/20/2019, 1:58:43 AM
2离开房间 10/20/2019, 1:58:51 AM
32进入房间 10/20/2019, 1:58:53 AM
jjj进入房间 10/20/2019, 1:58:55 AM
jjj离开房间 10/20/2019, 2:00:42 AM
32离开房间 10/20/2019, 2:00:58 AM
z2进入房间 10/21/2019, 9:57:47 AM
z2离开房间 10/21/2019, 9:57:50 AM
tt进入房间 10/21/2019, 10:26:48 AM
tt离开房间 10/21/2019, 10:29:30 AM
ss进入房间 10/21/2019, 10:52:34 AM
tf进入房间 10/21/2019, 10:52:40 AM
tf离开房间 10/21/2019, 10:57:03 AM
ss离开房间 10/21/2019, 10:58:14 AM
zihao进入房间 10/21/2019, 12:08:06 PM
zihao离开房间 10/21/2019, 12:08:14 PM
zihao进入房间 10/21/2019, 12:08:19 PM
zihao离开房间 10/21/2019, 12:08:24 PM
zihao进入房间 10/21/2019, 12:16:17 PM
zihao离开房间 10/21/2019, 12:16:25 PM
